[17:51:33] [main/INFO] (FabricLoader/GameProvider) Loading Minecraft 1.21.1 with Fabric Loader 0.16.9
[17:51:33] [main/INFO] (FabricLoader) Loading 43 mods:
	- fabric-api 0.110.0+1.21.1
	- fabric-api-base 0.4.42+6573ed8c19
	- fabric-api-lookup-api-v1 1.6.70+b559734419
	- fabric-biome-api-v1 13.0.30+be1ed2d719
	- fabric-block-api-v1 1.0.22+0af3f5a719
	- fabric-block-view-api-v2 1.0.10+6573ed8c19
	- fabric-command-api-v1 1.2.49+f71b366f19
	- fabric-command-api-v2 2.2.28+6ced4dd919
	- fabric-commands-v0 0.2.66+df3654b319
	- fabric-content-registries-v0 8.0.18+b559734419
	- fabric-convention-tags-v1 2.1.2+7f945d5b19
	- fabric-convention-tags-v2 2.9.2+e60e56d419
	- fabric-crash-report-info-v1 0.2.29+0af3f5a719
	- fabric-data-attachment-api-v1 1.4.0+da19b51a19
	- fabric-data-generation-api-v1 20.2.24+16c4ae2519
	- fabric-dimensions-v1 4.0.0+6fc22b9919
	- fabric-entity-events-v1 1.7.0+2122d82819
	- fabric-events-interaction-v0 0.7.13+ba9dae0619
	- fabric-game-rule-api-v1 1.0.53+6ced4dd919
	- fabric-gametest-api-v1 2.0.5+6fc22b9919
	- fabric-item-api-v1 11.1.1+d5debaed19
	- fabric-item-group-api-v1 4.1.6+6823f7cd19
	- fabric-lifecycle-events-v1 2.5.0+01d9a51c19
	- fabric-loot-api-v2 3.0.15+3f89f5a519
	- fabric-loot-api-v3 1.0.3+3f89f5a519
	- fabric-message-api-v1 6.0.13+6573ed8c19
	- fabric-networking-api-v1 4.3.0+c7469b2119
	- fabric-object-builder-api-v1 15.2.1+40875a9319
	- fabric-particles-v1 4.0.2+6573ed8c19
	- fabric-recipe-api-v1 5.0.13+6508971219
	- fabric-registry-sync-v0 5.2.0+34f5d91419
	- fabric-rendering-data-attachment-v1 0.3.48+73761d2e19
	- fabric-rendering-fluids-v1 3.1.6+1daea21519
	- fabric-resource-conditions-api-v1 4.3.0+8dc279b119
	- fabric-resource-loader-v0 1.3.1+5b5275af19
	- fabric-screen-handler-api-v1 1.3.88+b559734419
	- fabric-transfer-api-v1 5.4.2+95bead5f19
	- fabric-transitive-access-wideners-v1 6.2.0+45b9699719
	- fabricloader 0.16.9
	- java 22
	- minecraft 1.21.1
	- mixinextras 0.4.1
	- potatoperks 1.0.0
[17:51:33] [main/INFO] (FabricLoader/Mixin) SpongePowered MIXIN Subsystem Version=0.8.7 Source=file:/Users/pengiuser/.gradle/caches/modules-2/files-2.1/net.fabricmc/sponge-mixin/0.15.4+mixin.0.8.7/6a12aacc794f1078458433116e9ed42c1cc98096/sponge-mixin-0.15.4+mixin.0.8.7.jar Service=Knot/Fabric Env=SERVER
[17:51:33] [main/INFO] (FabricLoader/Mixin) Loaded Fabric development mappings for mixin remapper!
[17:51:33] [main/INFO] (FabricLoader/Mixin) Compatibility level set to JAVA_17
[17:51:33] [main/INFO] (FabricLoader/Mixin) Compatibility level set to JAVA_21
[17:51:34] [main/INFO] (FabricLoader/MixinExtras|Service) Initializing MixinExtras via com.llamalad7.mixinextras.service.MixinExtrasServiceImpl(version=0.4.1).
[17:51:39] [main/INFO] (potatoperks) Registering Mod Items for potatoperks
[17:51:39] [main/INFO] (potatoperks) Registering Mod Blocks for potatoperks
[17:51:39] [main/INFO] (FabricDataGenHelper) Running data generator for potatoperks
[17:51:39] [main/INFO] (Minecraft) Starting provider: Potato Perks/Tags for minecraft:block
[17:51:39] [main/INFO] (Minecraft) Potato Perks/Tags for minecraft:block finished after 8 ms
[17:51:39] [main/INFO] (Minecraft) Starting provider: Potato Perks/Tags for minecraft:item
[17:51:39] [main/INFO] (Minecraft) Potato Perks/Tags for minecraft:item finished after 0 ms
[17:51:39] [main/INFO] (Minecraft) Starting provider: Potato Perks/Block Loot Tables
[17:51:39] [main/INFO] (Minecraft) Potato Perks/Block Loot Tables finished after 8 ms
[17:51:39] [main/INFO] (Minecraft) Starting provider: Potato Perks/Model Definitions
[17:51:39] [main/INFO] (Minecraft) Potato Perks/Model Definitions finished after 21 ms
[17:51:39] [main/INFO] (Minecraft) Starting provider: Potato Perks/Recipes
[17:51:39] [main/INFO] (Minecraft) Potato Perks/Recipes finished after 18 ms
[17:51:39] [main/INFO] (Minecraft) Starting provider: Potato Perks/
[17:51:39] [main/INFO] (Minecraft) Potato Perks/ finished after 2 ms
[17:51:39] [main/INFO] (Minecraft) All providers took: 61 ms
[17:51:39] [main/INFO] (Minecraft) Caching: total files: 57, old count: 57, new count: 58, removed stale: 0, written: 0
